POST /api/mobileusers/generateOtp 200 57 - 20.944 ms
POST /generateOtp
POST /add
GET /
GET /api/mobileusers/ 200 898 13.026 ms
GET /api/mobileusers/generateOtp 404 166 1.966 ms
POST /api/mobileusers/generateOtp 200 57 12.216 ms
POST /api/transactions/add 200 51 16.813 ms
POST /api/transactions/ 404 157 1.422 ms
GET /api/transactions/ 200 1040 14.517 ms
GET /api/transactions/ 200 1040 3.665 ms
POST /api/transactions/add 200 51 2.016 ms
GET /api/transactions/ 500 51 8.926 ms
POST /api/transactions/add 200 51 14.717 ms
GET /api/transactions/ 500 51 14.113 ms
GET /api/transactions/ 200 1586 6.634 ms
GET /api/transactions 200 1586 12.685 ms
GET /api/transactions/userid/65c60628d29b3fe62fb91361 200 931 12.626 ms
GET /api/transactions?userid=65c60628d29b3fe62fb91361 200 1586 4.437 ms
GET /api/transactions/?userid=65c60628d29b3fe62fb91361 200 1586 5.962 ms
GET /api/transactions/?userid=65c60628d29b3fe62fb91361 200 1586 9.465 ms
GET /api/transactions/?userid=65c60628d29b3fe62fb91361 200 1586 20.220 ms
GET /api/transactions/?userid=65c60628d29b3fe62fb91361 200 1586 39.957 ms
GET /api/transactions/?userid=65c60628d29b3fe62fb91361 200 1586 23.203 ms
GET /api/transactions/?userid=65c60628d29b3fe62fb91361 200 1586 33.562 ms
GET /api/transactions/userid/65c60628d29b3fe62fb91361 200 823 17.026 ms
GET /api/transactions/userid/65c60628d29b3fe62fb91361 200 823 18.127 ms
GET /api/transactions/userid/65c60628d29b3fe62fb91361 200 823 25.435 ms
GET /api/transactions/userid/65c60628d29b3fe62fb91361 200 823 22.706 ms
GET /api/transactions/userid/65c60628d29b3fe62fb91361 200 195 31.201 ms
GET /api/transactions/userid/65c60628d29b3fe62fb91361 200 702 18.498 ms
GET /api/transactions/userid/65c60628d29b3fe62fb91361 200 530 27.406 ms
GET /api/transactions/userid/65c60628d29b3fe62fb91361 200 444 19.698 ms
GET /api/transactions/userid/65c60628d29b3fe62fb91361 200 378 23.767 ms
GET /api/transactions/ 200 1209 5.672 ms
GET /api/transactions/ 500 51 32.546 ms
GET /api/transactions/ 200 1209 28.041 ms
GET /api/transactions/ 200 1209 8.436 ms
GET /favicon.ico 404 150 1.438 ms
GET /api/transactions/ 304 - 10.134 ms
GET /api/webusers/ 200 635 10.947 ms
GET /api/webusers/ - - - ms
POST /api/webusers/login 200 334 61.837 ms
GET /api/webusers/ 200 635 5.403 ms
GET /api/webusers/ 304 - 4.674 ms
GET /api/transactions/ 200 1209 23.931 ms
GET /api/transactions/ 304 - 3.966 ms
GET /api/webusers/ 304 - 6.130 ms
GET /api/webusers/ 304 - 4.784 ms
GET /api/transactions/ 304 - 9.999 ms
GET /api/transactions/ 304 - 11.306 ms
GET /api/donationtypes/ 200 359 6.355 ms
GET /api/donationtypes/ 304 - 4.571 ms
GET /api/transactions/ 304 - 12.634 ms
GET /api/transactions/ 304 - 16.506 ms
GET /api/transactions/ 304 - 11.836 ms
GET /api/transactions/ 304 - 3.206 ms
GET /api/transactions/ 304 - 10.772 ms
GET /api/donationtypes/ 304 - 3.939 ms
GET /api/donationtypes/ 304 - 3.406 ms
GET /api/events/ 200 796 4.753 ms
GET /api/events/ 304 - 2.671 ms
GET /api/donationtypes/ 304 - 4.798 ms
GET /api/donationtypes/ 304 - 3.186 ms
GET /api/donationtypes/ 304 - 2.805 ms
GET /api/donationtypes/ 304 - 3.278 ms
GET /api/donationtypes/ 304 - 1.941 ms
GET /api/events/ 304 - 10.351 ms
GET /api/events/ 304 - 8.508 ms
GET /api/eventtypes/ 200 652 4.546 ms
GET /api/eventtypes/ 304 - 1.835 ms
GET /api/events/ 304 - 8.936 ms
GET /api/events/ 304 - 6.798 ms
GET /api/eventtypes/ 304 - 3.961 ms
GET /api/eventtypes/ 304 - 2.100 ms
GET /api/events/ 304 - 11.287 ms
GET /api/events/ 304 - 10.177 ms
GET /api/eventtypes/ 304 - 1.569 ms
GET /api/eventtypes/ 304 - 1.252 ms
GET /api/eventtypes/ 304 - 1.760 ms
GET /api/eventtypes/ 304 - 1.587 ms
POST /api/events/add 500 51 12.510 ms
POST /api/events/add 500 51 12.217 ms
GET /api/eventtypes/ 304 - 6.404 ms
GET /api/eventtypes/ 304 - 2.511 ms
POST /api/events/add 500 51 3.499 ms
GET /api/donationtypes/ 304 - 3.692 ms
GET /api/donationtypes/ 304 - 3.783 ms
POST /api/webusers/login 200 334 65.382 ms
GET /api/webusers/ 304 - 5.900 ms
GET /api/webusers/ 304 - 1.992 ms
GET /api/donationtypes/ 200 359 2.206 ms
GET /api/donationtypes/ 304 - 6.789 ms
GET /api/events/ 304 - 20.921 ms
GET /api/events/ 304 - 3.745 ms
GET /api/mobileusers/ 200 898 7.732 ms
GET /api/mobileusers/ 304 - 7.378 ms
GET /api/webusers/ 304 - 2.952 ms
GET /api/webusers/ 304 - 6.738 ms
GET /api/mobileusers/ 304 - 5.524 ms
GET /api/mobileusers/ 304 - 7.389 ms
GET /api/eventtypes/ 304 - 1.820 ms
GET /api/eventtypes/ 304 - 3.260 ms
GET /api/events/ 304 - 13.089 ms
GET /api/events/ 304 - 8.496 ms
GET /api/events/ 304 - 4.604 ms
GET /api/events/ 304 - 3.692 ms
GET /api/events/ 200 796 8.553 ms
GET /api/events/ 200 796 9.094 ms
GET /api/eventtypes/ 304 - 1.473 ms
GET /api/eventtypes/ 304 - 1.601 ms
POST /api/events/add 500 51 4.111 ms
GET /api/eventtypes/ 304 - 1.534 ms
POST /api/events/add 500 51 1.705 ms
GET /api/eventtypes/ 304 - 1.556 ms
POST /api/events/add 200 53 4.412 ms
GET /api/events/ 200 1535 5.142 ms
GET /api/events/ 304 - 8.957 ms
GET /api/eventtypes/ 304 - 4.475 ms
GET /api/eventtypes/ 304 - 4.382 ms
GET /api/eventtypes/ 304 - 4.080 ms
GET /api/eventtypes/ 304 - 2.030 ms
GET /api/eventtypes/ 200 652 2.603 ms
GET /api/eventtypes/ 200 652 5.848 ms
GET /api/eventtypes/ 304 - 3.255 ms
GET /api/mobileusers/ 304 - 4.242 ms
GET /api/mobileusers/ 304 - 4.173 ms
GET /api/mobileusers/ 304 - 3.196 ms
GET /api/webusers/ 304 - 1.877 ms
GET /api/webusers/ 304 - 1.843 ms
GET /api/webusers/ 304 - 2.575 ms
PUT /api/webusers/update/65c9afc94f183d2e4f975787 200 54 16.270 ms
GET /api/webusers/ 200 632 2.609 ms
GET /api/webusers/ 304 - 3.317 ms
PUT /api/webusers/update/65c9afc94f183d2e4f975787 200 54 9.449 ms
GET /api/webusers/ 200 577 4.396 ms
GET /api/webusers/ 304 - 3.274 ms
POST /api/webusers/login 200 60 2.017 ms
POST /api/webusers/login 200 60 6.361 ms
POST /api/webusers/login 200 60 3.807 ms
POST /api/webusers/login 200 334 66.731 ms
GET /api/webusers/ 304 - 7.194 ms
GET /api/webusers/ 304 - 5.856 ms
DELETE /api/webusers/delete/65c9afc94f183d2e4f975787 200 54 2.194 ms
GET /api/webusers/ 200 344 4.796 ms
GET /api/webusers/ 304 - 4.191 ms
POST /api/webusers/add 200 52 55.494 ms
GET /api/webusers/ 200 632 2.676 ms
GET /api/webusers/ 304 - 2.592 ms
GET /api/transactions/ 304 - 16.791 ms
GET /api/transactions/ 304 - 3.508 ms
GET /api/mobileusers/ 304 - 4.998 ms
GET /api/mobileusers/ 304 - 2.001 ms
GET /api/mobileusers/ 200 898 8.067 ms
GET /api/mobileusers/ 200 898 10.057 ms
GET /api/mobileusers/ 304 - 4.163 ms
GET /api/mobileusers/ 304 - 4.744 ms
GET /api/transactions/ 304 - 12.643 ms
POST /api/webusers/login 200 346 53.352 ms
GET /api/webusers/ 304 - 7.736 ms
GET /api/webusers/ 304 - 3.389 ms
GET /api/webusers/ 304 - 4.400 ms
GET /api/webusers/ 304 - 3.117 ms
GET /api/webusers/ 304 - 3.984 ms
GET /api/webusers/ 304 - 4.216 ms
GET /api/webusers/ 304 - 4.116 ms
GET /api/webusers/ 304 - 2.806 ms
GET /api/webusers/ 304 - 2.236 ms
GET /api/webusers/ 304 - 2.510 ms
POST /api/webusers/login 200 334 55.600 ms
GET /api/webusers/ 200 632 2.028 ms
GET /api/webusers/ 304 - 3.563 ms
GET /api/webusers/ 304 - 2.357 ms
GET /api/webusers/ 304 - 3.312 ms
GET /api/webusers/ 304 - 21.128 ms
POST /api/webusers/login 200 334 62.664 ms
GET /api/webusers/ 200 632 3.042 ms
GET /api/webusers/ 304 - 4.512 ms
GET /api/webusers/ 304 - 4.363 ms
GET /api/webusers/ 304 - 4.575 ms
GET /api/webusers/ 200 632 1.726 ms
GET /api/webusers/ 304 - 1.442 ms
GET /api/webusers/ 304 - 5.391 ms
GET /api/webusers/ 304 - 4.199 ms
GET /api/webusers/ 304 - 7.360 ms
GET /api/webusers/ 304 - 5.531 ms
GET /api/webusers/ 200 632 3.675 ms
GET /api/webusers/ 200 632 4.834 ms
POST /api/webusers/login 200 334 83.321 ms
GET /api/webusers/ 304 - 6.808 ms
GET /api/webusers/ 304 - 5.699 ms
POST /api/webusers/login 200 334 51.602 ms
GET /api/webusers/ 304 - 2.989 ms
GET /api/webusers/ 304 - 3.062 ms
POST /api/webusers/login 200 334 58.018 ms
GET /api/webusers/ 304 - 1.539 ms
GET /api/webusers/ 304 - 1.367 ms
GET /api/webusers/ 304 - 5.140 ms
GET /api/webusers/ 304 - 5.296 ms
POST /api/webusers/login 200 334 60.382 ms
GET /api/webusers/ 200 632 8.112 ms
GET /api/webusers/ 304 - 3.047 ms
GET /api/webusers/ 304 - 1.678 ms
GET /api/webusers/ 304 - 2.368 ms
GET /api/transactions/ 304 - 25.795 ms
GET /api/transactions/ 304 - 6.429 ms
GET /api/donationtypes/ 200 359 5.929 ms
GET /api/donationtypes/ 304 - 5.555 ms
GET /api/events/ 200 1535 11.603 ms
GET /api/events/ 304 - 3.453 ms
GET /api/eventtypes/ 200 652 2.607 ms
GET /api/eventtypes/ 304 - 2.884 ms
GET /api/transactions/ 304 - 10.113 ms
GET /api/transactions/ 304 - 3.417 ms
GET / 404 139 1.110 ms
GET /api/webusers 200 632 6.102 ms
GET /favicon.ico 404 150 1.518 ms
GET /api/webusers/ 304 - 3.822 ms
GET /api/webusers/ 304 - 3.790 ms
GET /api/webusers/ 304 - 2.971 ms
GET /api/webusers/ 200 632 2.888 ms
GET /api/webusers/ 200 632 3.041 ms
GET /api/webusers/ 304 - 2.359 ms
GET /api/webusers/ 200 632 5.844 ms
GET /api/webusers/ 200 632 6.240 ms
GET /api/webusers/ 304 - 2.171 ms
GET /api/webusers/ 200 632 2.195 ms
GET /api/webusers/ 200 632 4.396 ms
GET /api/webusers/ 500 51 9.771 ms
GET /api/webusers/ 500 51 13.985 ms
GET /api/webusers/ 200 69 15.278 ms
GET /api/webusers/ 200 69 17.869 ms
GET /api/webusers/ 200 632 14.068 ms
GET /api/webusers/ 200 632 19.440 ms
GET /api/webusers/ 304 - 2.647 ms
GET /api/webusers/ 304 - 2.455 ms
GET /api/mobileusers/ 200 898 3.119 ms
GET /api/mobileusers/ 304 - 7.478 ms
GET /api/eventtypes/ 304 - 5.942 ms
GET /api/eventtypes/ 304 - 7.467 ms
GET /api/events/ 304 - 17.968 ms
GET /api/events/ 304 - 3.580 ms
GET /api/donationtypes/ 304 - 6.179 ms
GET /api/donationtypes/ 304 - 8.472 ms
GET /api/transactions/ 304 - 16.192 ms
GET /api/transactions/ 304 - 5.910 ms
GET /api/mobileusers/ 304 - 5.504 ms
GET /api/mobileusers/ 304 - 5.038 ms
GET /api/eventtypes/ 304 - 4.867 ms
GET /api/eventtypes/ 304 - 4.741 ms
GET /api/events/ 304 - 15.779 ms
GET /api/events/ 304 - 12.137 ms
GET /api/donationtypes/ 304 - 2.975 ms
GET /api/donationtypes/ 304 - 3.159 ms
GET /api/transactions/ 304 - 8.122 ms
GET /api/transactions/ 304 - 3.981 ms
GET /api/webusers/ 304 - 2.028 ms
GET /api/webusers/ 304 - 1.880 ms
GET /api/mobileusers/ 304 - 5.031 ms
GET /api/mobileusers/ 304 - 4.732 ms
GET /api/eventtypes/ 304 - 4.600 ms
GET /api/eventtypes/ 304 - 5.264 ms
GET /api/events/ 304 - 12.889 ms
GET /api/events/ 304 - 16.521 ms
GET /api/donationtypes/ 304 - 4.627 ms
GET /api/donationtypes/ 304 - 3.091 ms
GET /api/transactions/ 304 - 11.281 ms
GET /api/transactions/ 304 - 14.461 ms
GET /api/transactions/ 304 - 6.278 ms
GET /api/transactions/ 304 - 11.662 ms
GET /api/transactions/ 304 - 7.502 ms
GET /api/transactions/ 304 - 14.236 ms
GET /api/donationtypes/ 304 - 2.439 ms
GET /api/donationtypes/ 304 - 2.069 ms
GET /api/events/ 304 - 5.000 ms
GET /api/events/ 304 - 4.316 ms
GET /api/transactions/ 304 - 9.733 ms
GET /api/transactions/ 304 - 14.546 ms
GET /api/donationtypes/ 304 - 3.493 ms
GET /api/donationtypes/ 304 - 2.330 ms
GET /api/transactions/ 304 - 5.723 ms
GET /api/transactions/ 304 - 12.459 ms
GET /api/donationtypes/ 304 - 3.689 ms
GET /api/donationtypes/ 304 - 3.664 ms
GET /api/events/ 304 - 6.149 ms
GET /api/events/ 304 - 13.795 ms
GET /api/eventtypes/ 304 - 2.625 ms
GET /api/eventtypes/ 304 - 1.728 ms
GET /api/mobileusers/ 304 - 3.891 ms
GET /api/mobileusers/ 304 - 4.163 ms
GET /api/webusers/ 304 - 3.243 ms
GET /api/webusers/ 304 - 3.704 ms
GET /api/webusers/ 304 - 4.887 ms
GET /api/webusers/ 304 - 2.078 ms
POST /api/webusers/login 200 346 61.047 ms
GET /api/webusers/ 304 - 8.055 ms
GET /api/webusers/ 304 - 4.131 ms
GET /api/webusers/ 304 - 1.987 ms
GET /api/webusers/ 304 - 2.864 ms
GET /api/mobileusers/ 304 - 4.208 ms
GET /api/mobileusers/ 304 - 4.178 ms
GET /api/eventtypes/ 304 - 2.599 ms
GET /api/eventtypes/ 304 - 4.145 ms
GET /api/events/ 304 - 9.023 ms
GET /api/events/ 304 - 10.212 ms
GET /api/donationtypes/ 304 - 2.042 ms
GET /api/donationtypes/ 304 - 4.530 ms
GET /api/transactions/ 304 - 7.160 ms
GET /api/transactions/ 304 - 7.715 ms
GET /api/webusers/ 304 - 3.533 ms
GET /api/webusers/ 304 - 4.711 ms
GET /api/mobileusers/ 304 - 3.321 ms
GET /api/mobileusers/ 304 - 3.010 ms
GET /api/eventtypes/ 304 - 3.624 ms
GET /api/eventtypes/ 304 - 3.533 ms
GET /api/events/ 304 - 14.003 ms
GET /api/events/ 304 - 10.659 ms
GET /api/donationtypes/ 304 - 2.014 ms
GET /api/donationtypes/ 304 - 3.127 ms
GET /api/transactions/ 304 - 10.525 ms
GET /api/transactions/ 304 - 8.136 ms
GET /api/webusers/ 304 - 4.794 ms
GET /api/webusers/ 304 - 3.069 ms
GET /api/webusers/ 304 - 1.883 ms
POST /api/webusers/login 200 334 52.463 ms
GET /api/webusers/ 200 632 4.010 ms
GET /api/webusers/ 200 632 4.771 ms
GET /api/mobileusers/ 200 898 4.450 ms
GET /api/mobileusers/ 304 - 4.553 ms
GET /api/eventtypes/ 304 - 4.233 ms
GET /api/eventtypes/ 304 - 4.575 ms
GET /api/events/ 200 1535 10.365 ms
GET /api/events/ 304 - 9.074 ms
GET /api/donationtypes/ 200 359 4.179 ms
GET /api/donationtypes/ 304 - 3.930 ms
GET /api/transactions/ 200 1209 9.252 ms
GET /api/transactions/ 304 - 7.111 ms
GET /api/webusers/ 304 - 4.428 ms
GET /api/webusers/ 304 - 5.027 ms
GET /api/webusers/ 304 - 2.180 ms
GET /api/webusers/ 304 - 3.436 ms
GET /api/mobileusers/ 200 898 5.331 ms
GET /api/mobileusers/ 304 - 5.604 ms
GET /api/eventtypes/ 304 - 4.500 ms
GET /api/eventtypes/ 304 - 6.196 ms
GET /api/events/ 304 - 6.664 ms
GET /api/events/ 304 - 12.696 ms
GET /api/donationtypes/ 304 - 4.154 ms
GET /api/donationtypes/ 304 - 3.991 ms
GET /api/transactions/ 200 1209 5.836 ms
GET /api/transactions/ 304 - 11.511 ms
GET /api/webusers/ 304 - 4.052 ms
GET /api/webusers/ 304 - 4.716 ms
GET /api/mobileusers/ 304 - 4.197 ms
GET /api/mobileusers/ 304 - 4.288 ms
GET /api/eventtypes/ 304 - 3.555 ms
GET /api/eventtypes/ 304 - 4.392 ms
GET /api/events/ 304 - 9.212 ms
GET /api/events/ 304 - 6.058 ms
GET /api/donationtypes/ 304 - 3.948 ms
GET /api/donationtypes/ 304 - 4.005 ms
GET /api/transactions/ 304 - 8.969 ms
GET /api/transactions/ 304 - 7.796 ms
GET /api/webusers/ 304 - 4.081 ms
GET /api/webusers/ 304 - 3.663 ms
GET /api/mobileusers/ 304 - 4.453 ms
GET /api/mobileusers/ 304 - 4.217 ms
GET /api/eventtypes/ 304 - 4.137 ms
GET /api/eventtypes/ 304 - 4.063 ms
GET /api/donationtypes/ 304 - 4.036 ms
GET /api/donationtypes/ 304 - 6.071 ms
GET /api/transactions/ 304 - 9.060 ms
GET /api/transactions/ 304 - 10.073 ms
GET /api/webusers/ 304 - 3.874 ms
GET /api/webusers/ 304 - 6.350 ms
GET /api/webusers/ 200 632 4.255 ms
GET /api/webusers/ 304 - 1.361 ms
POST /api/webusers/login 200 334 50.005 ms
GET /api/webusers/ 304 - 3.947 ms
GET /api/webusers/ 304 - 4.300 ms
GET /api/webusers/ 304 - 3.108 ms
GET /api/webusers/ 304 - 4.124 ms
GET /api/mobileusers/ 304 - 4.397 ms
GET /api/mobileusers/ 304 - 5.456 ms
GET /api/eventtypes/ 304 - 3.469 ms
GET /api/eventtypes/ 304 - 3.308 ms
GET /api/events/ 304 - 9.467 ms
GET /api/events/ 304 - 7.348 ms
GET /api/donationtypes/ 304 - 4.435 ms
GET /api/donationtypes/ 304 - 2.807 ms
GET /api/transactions/ 304 - 7.603 ms
GET /api/transactions/ 304 - 10.594 ms
GET /api/transactions/ 304 - 9.181 ms
GET /api/transactions/ 304 - 9.206 ms
GET /api/donationtypes/ 304 - 3.345 ms
GET /api/donationtypes/ 304 - 4.589 ms
GET /api/events/ 304 - 6.403 ms
GET /api/events/ 304 - 11.465 ms
GET /api/eventtypes/ 304 - 1.730 ms
GET /api/eventtypes/ 304 - 2.087 ms
GET /api/mobileusers/ 304 - 4.573 ms
GET /api/mobileusers/ 304 - 4.369 ms
GET /api/webusers/ 304 - 3.075 ms
GET /api/webusers/ 304 - 2.578 ms
GET /api/webusers/ 304 - 2.987 ms
GET /api/transactions/ 304 - 8.372 ms
GET /api/transactions/ 304 - 7.814 ms
GET /api/donationtypes/ 304 - 3.819 ms
GET /api/donationtypes/ 304 - 3.851 ms
GET /api/events/ 304 - 8.920 ms
GET /api/events/ 304 - 7.510 ms
GET /api/eventtypes/ 304 - 3.931 ms
GET /api/eventtypes/ 304 - 2.687 ms
GET /api/mobileusers/ 304 - 4.339 ms
GET /api/mobileusers/ 304 - 4.202 ms
GET /api/webusers/ 304 - 4.648 ms
GET /api/webusers/ 304 - 3.225 ms
PUT /api/webusers/update/65cafa13b119720cac42c598 200 54 17.346 ms
GET /api/webusers/ 200 632 2.639 ms
GET /api/webusers/ 304 - 13.427 ms
POST /api/webusers/login 200 334 69.572 ms
GET /api/webusers/ 200 632 2.075 ms
GET /api/webusers/ 304 - 1.588 ms
GET /api/transactions/ 304 - 27.735 ms
GET /api/transactions/ 304 - 4.046 ms
GET /api/webusers/ 304 - 5.352 ms
GET /api/webusers/ 304 - 7.619 ms
GET /api/webusers/ 304 - 4.071 ms
GET /api/webusers/ 304 - 3.383 ms
POST /api/webusers/login 200 334 63.360 ms
GET /api/webusers/ 304 - 5.162 ms
GET /api/webusers/ 304 - 1.906 ms
GET /api/webusers/ 304 - 2.259 ms
GET /api/webusers/ 304 - 4.343 ms
GET /api/webusers/ 304 - 3.308 ms
GET /api/webusers/ 304 - 3.980 ms
GET /api/webusers/ 304 - 3.813 ms
GET /api/webusers/ 304 - 2.928 ms
GET /api/webusers/ 304 - 2.106 ms
GET /api/webusers/ 304 - 2.378 ms
GET /api/webusers/ 200 632 1.889 ms
GET /api/webusers/ 200 632 2.595 ms
GET /api/webusers/ 304 - 5.277 ms
GET /api/webusers/ 304 - 6.116 ms
GET /api/mobileusers/ 304 - 5.159 ms
GET /api/mobileusers/ 304 - 4.574 ms
GET /api/eventtypes/ 304 - 10.313 ms
GET /api/eventtypes/ 304 - 3.208 ms
GET /api/events/ 200 1535 10.195 ms
GET /api/events/ 304 - 3.845 ms
GET /api/donationtypes/ 304 - 3.205 ms
GET /api/donationtypes/ 304 - 4.284 ms
GET /api/transactions/ 304 - 5.229 ms
GET /api/transactions/ 304 - 11.786 ms
GET /api/webusers/ 304 - 2.225 ms
GET /api/webusers/ 304 - 2.226 ms
GET /api/mobileusers/ 304 - 4.945 ms
GET /api/mobileusers/ 304 - 4.732 ms
GET /api/eventtypes/ 304 - 6.073 ms
GET /api/eventtypes/ 304 - 5.576 ms
GET /api/events/ 304 - 11.989 ms
GET /api/events/ 304 - 4.281 ms
GET /api/donationtypes/ 304 - 4.255 ms
GET /api/donationtypes/ 304 - 4.748 ms
GET /api/transactions/ 304 - 10.887 ms
GET /api/transactions/ 304 - 8.575 ms
GET /api/transactions/ 304 - 4.817 ms
GET /api/transactions/ 304 - 9.469 ms
GET /api/transactions/ 304 - 9.358 ms
GET /api/transactions/ 304 - 9.691 ms
GET /api/transactions/ 304 - 9.912 ms
GET /api/transactions/ 304 - 14.243 ms
GET /api/transactions/ 304 - 9.589 ms
GET /api/transactions/ 304 - 11.443 ms
GET /api/transactions/ 304 - 4.990 ms
GET /api/eventtypes/ 304 - 4.558 ms
GET /api/eventtypes/ 304 - 4.739 ms
GET /api/events/ 304 - 11.302 ms
GET /api/events/ 304 - 9.424 ms
GET /api/eventtypes/ 304 - 4.473 ms
GET /api/eventtypes/ 304 - 5.341 ms
GET /api/eventtypes/ 304 - 2.881 ms
GET /api/eventtypes/ 304 - 2.998 ms
GET /api/events/ 304 - 6.075 ms
GET /api/events/ 304 - 10.343 ms
GET /api/events/ 304 - 4.333 ms
GET /api/eventtypes/ 304 - 4.864 ms
GET /api/eventtypes/ 304 - 4.203 ms
GET /api/mobileusers/ 304 - 3.203 ms
GET /api/mobileusers/ 304 - 3.545 ms
GET /api/events/ 304 - 12.121 ms
GET /api/events/ 304 - 7.339 ms
GET /api/mobileusers/ 304 - 5.705 ms
GET /api/mobileusers/ 304 - 9.522 ms
GET /api/mobileusers/ 304 - 4.611 ms
GET /api/mobileusers/ 304 - 2.728 ms
GET /api/mobileusers/ 304 - 3.305 ms
GET /api/mobileusers/ 304 - 3.224 ms
GET /api/mobileusers/ 304 - 4.361 ms
GET /api/mobileusers/ 304 - 1.427 ms
GET /api/mobileusers/ 304 - 2.694 ms
GET /api/mobileusers/ 304 - 4.921 ms
GET /api/mobileusers/ 304 - 3.589 ms
GET /api/webusers/ 304 - 2.163 ms
GET /api/webusers/ 304 - 2.325 ms
GET /api/eventtypes/ 304 - 3.369 ms
GET /api/eventtypes/ 304 - 1.866 ms
GET /api/events/ 304 - 4.723 ms
GET /api/events/ 304 - 10.591 ms
GET /api/donationtypes/ 304 - 1.778 ms
GET /api/donationtypes/ 304 - 5.800 ms
GET /api/transactions/ 304 - 6.175 ms
GET /api/transactions/ 304 - 9.791 ms
GET /api/donationtypes/ 304 - 2.964 ms
GET /api/donationtypes/ 304 - 3.111 ms
GET /api/donationtypes/ 304 - 1.525 ms
GET /api/eventtypes/ 304 - 4.048 ms
GET /api/eventtypes/ 304 - 4.257 ms
GET /api/donationtypes/ 304 - 4.482 ms
GET /api/donationtypes/ 304 - 3.716 ms
GET /api/eventtypes/ 304 - 2.402 ms
GET /api/eventtypes/ 304 - 3.294 ms
GET /api/events/ 304 - 4.582 ms
GET /api/events/ 304 - 12.848 ms
GET /api/webusers/ 304 - 3.695 ms
GET /api/webusers/ 304 - 5.002 ms
GET /api/mobileusers/ 304 - 1.867 ms
GET /api/mobileusers/ 304 - 1.595 ms
GET /api/webusers/ 304 - 2.861 ms
GET /api/webusers/ 304 - 3.587 ms
GET /api/mobileusers/ 304 - 4.864 ms
GET /api/mobileusers/ 304 - 4.055 ms
GET /api/eventtypes/ 304 - 3.905 ms
GET /api/eventtypes/ 304 - 4.875 ms
GET /api/events/ 304 - 10.470 ms
GET /api/events/ 304 - 10.831 ms
GET /api/donationtypes/ 304 - 3.684 ms
GET /api/donationtypes/ 304 - 3.362 ms
GET /api/transactions/ 304 - 6.378 ms
GET /api/transactions/ 304 - 12.433 ms
GET /api/donationtypes/ 304 - 2.772 ms
GET /api/donationtypes/ 304 - 3.826 ms
GET /api/eventtypes/ 304 - 3.527 ms
GET /api/eventtypes/ 304 - 2.854 ms
GET /api/mobileusers/ 304 - 4.515 ms
GET /api/mobileusers/ 304 - 5.411 ms
GET /api/donationtypes/ 304 - 4.397 ms
GET /api/donationtypes/ 304 - 4.221 ms
GET /api/eventtypes/ 304 - 1.746 ms
GET /api/eventtypes/ 304 - 3.222 ms
GET /api/transactions/ 304 - 13.030 ms
GET /api/transactions/ 304 - 10.629 ms
GET /api/events/ 304 - 5.905 ms
GET /api/events/ 304 - 14.087 ms
GET /api/transactions/ 304 - 5.886 ms
GET /api/transactions/ 304 - 10.950 ms
GET /api/transactions/ 304 - 5.666 ms
GET /api/transactions/ 304 - 5.900 ms
GET /api/webusers/ 304 - 3.250 ms
GET /api/webusers/ 304 - 4.610 ms
GET /api/donationtypes/ 304 - 1.737 ms
GET /api/donationtypes/ 304 - 1.199 ms
GET /api/donationtypes/ 304 - 1.896 ms
GET /api/donationtypes/ 304 - 2.870 ms
GET /api/transactions/ 304 - 3.732 ms
GET /api/transactions/ 304 - 4.377 ms
GET /api/webusers/ 304 - 4.061 ms
GET /api/webusers/ 304 - 3.473 ms
GET /api/mobileusers/ 304 - 2.682 ms
GET /api/mobileusers/ 304 - 1.574 ms
GET /api/webusers/ 304 - 2.783 ms
GET /api/webusers/ 304 - 1.879 ms
GET /api/mobileusers/ 304 - 4.127 ms
GET /api/mobileusers/ 304 - 4.214 ms
GET /api/eventtypes/ 304 - 3.771 ms
GET /api/eventtypes/ 304 - 4.467 ms
GET /api/webusers/ 304 - 3.159 ms
GET /api/webusers/ 304 - 3.650 ms
GET /api/webusers/ 304 - 2.503 ms
GET /api/webusers/ 304 - 2.525 ms
GET /api/donationtypes/ 304 - 2.652 ms
GET /api/donationtypes/ 304 - 2.579 ms
GET /api/donationtypes/ 304 - 2.536 ms
GET /api/webusers/ 304 - 4.443 ms
GET /api/webusers/ 304 - 4.493 ms
GET /api/webusers/ 304 - 2.477 ms
GET /api/webusers/ 304 - 3.667 ms
GET /api/webusers/ 304 - 3.501 ms
GET /api/webusers/ 304 - 3.295 ms
GET /api/webusers/ 304 - 4.663 ms
GET /api/webusers/ 304 - 5.304 ms
GET /api/webusers/ 304 - 2.329 ms
GET /api/webusers/ 304 - 2.783 ms
GET /api/webusers/ 304 - 3.555 ms
GET /api/webusers/ 304 - 1.325 ms
GET /api/webusers/ 304 - 1.922 ms
GET /api/mobileusers/ 304 - 3.574 ms
GET /api/mobileusers/ 304 - 2.430 ms
GET /api/eventtypes/ 304 - 2.039 ms
GET /api/eventtypes/ 304 - 3.202 ms
GET /api/events/ 304 - 4.965 ms
GET /api/events/ 304 - 12.952 ms
GET /api/eventtypes/ 304 - 2.866 ms
GET /api/eventtypes/ 304 - 4.067 ms
GET /api/events/ 304 - 3.220 ms
GET /api/events/ 304 - 13.296 ms
GET /api/donationtypes/ 304 - 1.837 ms
GET /api/donationtypes/ 304 - 1.750 ms
GET /api/transactions/ 304 - 3.369 ms
GET /api/transactions/ 304 - 10.750 ms
GET /api/transactions/ 304 - 6.828 ms
GET /api/transactions/ 304 - 9.593 ms
GET /api/donationtypes/ 304 - 2.964 ms
GET /api/donationtypes/ 304 - 4.549 ms
GET /api/webusers/ 304 - 1.671 ms
GET /api/webusers/ 304 - 1.606 ms
GET /api/webusers/ 304 - 2.470 ms
GET /api/mobileusers/ 304 - 3.751 ms
GET /api/mobileusers/ 304 - 4.390 ms
GET /api/eventtypes/ 304 - 2.419 ms
GET /api/eventtypes/ 304 - 3.024 ms
GET /api/mobileusers/ 304 - 3.828 ms
GET /api/mobileusers/ 304 - 3.006 ms
GET /api/webusers/ 304 - 4.215 ms
GET /api/webusers/ 304 - 3.884 ms
GET /api/mobileusers/ 304 - 1.874 ms
GET /api/mobileusers/ 304 - 2.022 ms
GET /api/eventtypes/ 304 - 11.912 ms
GET /api/eventtypes/ 304 - 2.147 ms
GET /api/webusers/ 304 - 2.577 ms
GET /api/webusers/ 304 - 5.068 ms
GET /api/mobileusers/ 304 - 7.687 ms
GET /api/mobileusers/ 304 - 7.490 ms
GET /api/transactions/ 304 - 36.466 ms
GET /api/transactions/ 304 - 3.689 ms
GET /api/webusers/ 304 - 10.092 ms
GET /api/webusers/ 304 - 8.438 ms
GET /api/mobileusers/ 304 - 4.534 ms
GET /api/mobileusers/ 304 - 5.431 ms
GET /api/events/ 304 - 5.713 ms
GET /api/events/ 304 - 3.562 ms
GET /api/webusers/ 304 - 2.420 ms
GET /api/webusers/ 304 - 2.797 ms
GET /api/eventtypes/ 304 - 4.809 ms
GET /api/eventtypes/ 304 - 6.098 ms
GET /api/mobileusers/ 304 - 4.868 ms
GET /api/mobileusers/ 304 - 5.356 ms
GET /api/donationtypes/ 304 - 2.698 ms
GET /api/donationtypes/ 304 - 2.039 ms
GET /api/webusers/ 304 - 2.779 ms
GET /api/webusers/ 304 - 3.897 ms
GET /api/webusers/ 304 - 1.515 ms
GET /api/webusers/ 304 - 1.766 ms
GET /api/mobileusers/ 304 - 3.612 ms
GET /api/mobileusers/ 304 - 3.393 ms
GET /api/webusers/ 304 - 1.817 ms
GET /api/webusers/ 304 - 4.023 ms
GET /api/mobileusers/ 304 - 3.780 ms
GET /api/mobileusers/ 304 - 7.728 ms
GET /api/webusers/ 304 - 4.829 ms
GET /api/webusers/ 304 - 5.164 ms
GET /api/mobileusers/ 304 - 4.153 ms
GET /api/mobileusers/ 304 - 4.435 ms
GET /api/webusers/ 304 - 2.685 ms
GET /api/webusers/ 304 - 3.082 ms
GET /api/webusers 200 632 5.404 ms
GET /favicon.ico 404 150 3.402 ms
GET /api/webusers 304 - 4.277 ms
GET /favicon.ico 404 150 0.461 ms
POST /api/webusers/login 200 60 68.294 ms
POST /api/webusers/login 200 334 50.731 ms
GET /api/webusers/ 304 - 3.633 ms
GET /api/webusers/ 304 - 3.358 ms
GET /api/test 200 20 1.847 ms
GET /api/test 200 20 1.385 ms
GET /favicon.ico 404 150 2.496 ms
GET /api/test 200 20 1.190 ms
GET /favicon.ico 404 150 2.082 ms
GET /api/mobileusers/add 404 158 10.302 ms
POST /api/mobileusers/add 200 255 21.432 ms
GET /api/images/ 200 68 8.440 ms
GET /api/webusers/ 304 - 11.390 ms
GET /api/webusers/ 304 - 5.237 ms
POST /api/webusers/login 200 334 59.485 ms
GET /api/webusers/ 200 632 2.988 ms
GET /api/webusers/ 304 - 2.695 ms
POST /api/images/add 200 54 15.581 ms
GET /api/images/ 500 51 5.365 ms
GET /api/images/ 500 51 9.310 ms
GET /api/images/ 500 51 2.516 ms
GET /api/images/ 200 130 15.476 ms
GET /api/images/ 304 - 6.545 ms
POST /api/images/add 200 54 13.179 ms
GET /api/images/ 200 193 2.647 ms
GET /api/images/ 304 - 4.226 ms
GET /api/images/ 304 - 1.738 ms
GET /api/images/ 304 - 2.062 ms
GET /api/images/ 304 - 1.383 ms
GET /images/image-1709111259397.png 404 169 1.500 ms
GET /api/images/ 304 - 1.792 ms
GET /images/image-1709111259397.png 404 169 1.441 ms
GET /images/image-1709111781868.png 404 169 1.263 ms
GET /api/images/ 304 - 3.424 ms
GET /api/images/ 304 - 4.108 ms
GET /images/image-1709111259397.png 404 169 3.209 ms
GET /images/image-1709111781868.png 404 169 0.719 ms
GET /api/images/ 304 - 6.052 ms
GET /api/images/ 304 - 4.667 ms
GET /images/image-1709111259397.png 404 169 1.341 ms
GET /images/image-1709111781868.png 404 169 3.052 ms
GET /images/image-1709111259397.png 404 169 0.664 ms
GET /images/image-1709111259397.png 404 169 0.616 ms
GET /images/image-1709111259397.png 404 169 0.438 ms
POST /api/images/add 200 54 7.296 ms
GET /api/images/ 200 256 5.477 ms
GET /api/images/ 304 - 6.805 ms
GET /images/image-1709111259397.png 404 169 1.123 ms
GET /images/image-1709111781868.png 404 169 0.759 ms
GET /images/image-1709112745998.png 404 169 0.890 ms
POST /api/images/add 200 54 15.656 ms
GET /api/images/ 200 319 13.880 ms
GET /api/images/ 304 - 7.956 ms
GET /images/image-1709111259397.png 404 169 4.793 ms
GET /images/image-1709111781868.png 404 169 6.369 ms
GET /images/image-1709112745998.png 404 169 6.630 ms
GET /images/image-1709112923449.png 404 169 6.998 ms
GET /api/images/ 304 - 17.504 ms
GET /api/images/ 304 - 7.155 ms
GET /images/image-1709111259397.png 404 169 4.468 ms
GET /images/image-1709111781868.png 404 169 4.957 ms
GET /images/image-1709112745998.png 404 169 2.152 ms
GET /images/image-1709112923449.png 404 169 1.834 ms
GET /images/image-1709111259397.png 404 169 0.917 ms
POST /api/images/add 200 54 16.818 ms
GET /api/images/ 200 382 23.070 ms
GET /api/images/ 304 - 6.489 ms
GET /images/image-1709111259397.png 404 169 2.280 ms
GET /images/image-1709111781868.png 404 169 2.286 ms
GET /images/image-1709112745998.png 404 169 2.332 ms
GET /images/image-1709112923449.png 404 169 2.366 ms
GET /images/image-1709113080851.png 404 169 2.349 ms
POST /api/images/add 200 54 14.169 ms
GET /api/images/ 200 445 4.544 ms
GET /api/images/ 304 - 4.527 ms
GET /images/image-1709111259397.png 404 169 0.781 ms
GET /images/image-1709111781868.png 404 169 2.382 ms
GET /images/image-1709112745998.png 404 169 2.496 ms
GET /images/image-1709112923449.png 404 169 2.638 ms
GET /images/image-1709113080851.png 404 169 2.797 ms
GET /images/image-1709113223280.png 404 169 2.639 ms
POST /api/images/add 200 54 15.865 ms
GET /api/images/ 200 508 11.933 ms
GET /api/images/ 304 - 6.191 ms
GET /images/image-1709111259397.png 404 169 3.660 ms
GET /images/image-1709111781868.png 404 169 3.335 ms
GET /images/image-1709112745998.png 404 169 0.495 ms
GET /images/image-1709112923449.png 404 169 2.150 ms
GET /images/image-1709113080851.png 404 169 2.086 ms
GET /images/image-1709113223280.png 404 169 2.047 ms
GET /images/image-1709113600981.png 404 169 2.034 ms
GET /GopuramImages/image-1709113600981.png 404 176 0.603 ms
GET /api/images/ 200 68 12.316 ms
GET /api/images/ 304 - 5.687 ms
POST /api/images/add 200 54 21.423 ms
GET /api/images/ 200 137 6.158 ms
GET /api/images/ 304 - 6.203 ms
GET /GopuramImages/image-1709113868543.png 404 176 2.794 ms
GET /api/generateOtp 404 154 0.475 ms
GET /api/generateOtp 404 154 8.420 ms
GET /api/generateOtp 404 154 0.528 ms
GET /api/mobileusers/generateOtp 404 166 0.839 ms
POST /api/mobileusers/generateOtp 200 57 10.686 ms
GET /api/images/ 304 - 14.371 ms
GET /api/images/ 304 - 4.626 ms
GET /GopuramImages/image-1709113868543.png 404 176 2.280 ms
POST /api/images/add 200 54 17.243 ms
GET /api/images/ 200 207 12.254 ms
GET /api/images/ 304 - 6.919 ms
GET /GopuramImages/image-1709113868543.png 404 176 2.399 ms
GET /GopuramImages/image-1709114473913.png 404 176 1.024 ms
POST /api/mobileusers/generateOtp 200 57 45.655 ms
POST /api/mobileusers/generateOtp 200 57 20.371 ms
POST /api/mobileusers/login 404 161 1.564 ms
POST /api/mobileusers/login 404 161 0.562 ms
POST /api/mobileusers/generateOtp 200 57 5.486 ms
POST /api/mobileusers/generateOtp 200 57 3.467 ms
POST /api/mobileusers/generateOtp 200 57 3.285 ms
POST /api/mobileusers/login 404 161 0.268 ms
POST /api/mobileusers/login 404 161 0.454 ms
GET /api/mobileusers/login 400 1185 1.586 ms
GET /api/mobileusers/login 400 41 3.797 ms
POST /api/mobileusers/login 400 41 11.041 ms
POST /api/mobileusers/login 400 41 2.724 ms
POST /api/mobileusers/generateOtp 200 57 6.549 ms
POST /api/mobileusers/login 400 41 3.040 ms
POST /api/mobileusers/login 400 41 3.851 ms
POST /api/mobileusers/login 400 41 11.273 ms
POST /api/mobileusers/generateOtp 200 57 6.728 ms
POST /api/mobileusers/login 400 41 4.466 ms
GET /api/mobileusers/login 404 160 7.183 ms
POST /api/mobileusers/login 500 51 3.737 ms
POST /api/mobileusers/login 400 41 10.620 ms
POST /api/mobileusers/generateOtp 200 57 7.684 ms
POST /api/mobileusers/login 400 41 2.851 ms
GET /api/mobileusers/login 500 51 15.653 ms
GET /api/mobileusers/login 500 51 3.649 ms
POST /api/mobileusers/generateOtp 200 57 21.365 ms
GET /api/mobileusers/login 400 41 6.117 ms
GET /api/mobileusers/login 400 41 33.626 ms
POST /api/mobileusers/login 400 41 29.611 ms
POST /api/mobileusers/login 400 41 28.117 ms
POST /api/mobileusers/login 400 41 4.531 ms
POST /api/mobileusers/generateOtp 200 57 19.438 ms
POST /api/mobileusers/login 400 41 7.201 ms
POST /api/mobileusers/login 200 321 4.176 ms
POST /api/mobileusers/generateOtp 200 57 13.493 ms
POST /api/mobileusers/login 400 41 4.742 ms
POST /api/mobileusers/generateOtp 200 57 2.816 ms
POST /api/mobileusers/login 400 41 3.221 ms
POST /api/mobileusers/login 400 41 11.647 ms
POST /api/mobileusers/login 400 41 13.358 ms
POST /api/mobileusers/login 400 41 10.530 ms
POST /api/mobileusers/login 400 41 12.034 ms
POST /api/mobileusers/login 400 41 4.228 ms
POST /api/mobileusers/login 400 41 7.082 ms
POST /api/mobileusers/login 200 321 18.002 ms
POST /api/mobileusers/login 400 41 5.138 ms
POST /api/mobileusers/login 200 72 4.120 ms
POST /api/mobileusers/generateOtp 200 57 6.469 ms
POST /api/mobileusers/login 400 41 4.349 ms
POST /api/mobileusers/login 400 41 3.074 ms
POST /api/mobileusers/login 400 41 2.611 ms
GET /api/mobileusers/generateOtp 404 166 8.267 ms
POST /api/mobileusers/generateOtp 200 57 17.718 ms
POST /api/mobileusers/generateOtp 200 57 3.417 ms
POST /api/mobileusers/login 200 41 3.772 ms
POST /api/mobileusers/login 200 321 5.933 ms
POST /api/mobileusers/generateOtp 200 57 3.796 ms
POST /api/mobileusers/login 200 41 4.756 ms
POST /api/mobileusers/login?mobileNumber=7730855454&otp=165165 200 41 21.687 ms
GET /api/mobileusers/login?mobileNumber=7730855454&otp=165165 404 160 2.979 ms
POST /api/mobileusers/login?mobileNumber=7730855454&otp=165165 200 41 5.663 ms
POST /api/mobileusers/login?mobileNumber=7730855454&otp=165165 200 41 3.839 ms
GET /api/mobileusers/login?mobileNumber=7730855454&otp=165165 200 41 18.156 ms
GET /api/mobileusers/login?mobileNumber=7730855454&otp=165165 200 41 21.641 ms
GET /api/mobileusers/login?mobileNumber=7730855454&otp=165165 200 41 27.319 ms
GET /api/mobileusers/login?mobileNumber=7730855454&otp=165165 200 41 27.797 ms
GET /api/mobileusers/login?mobileNumber=7730855454&otp=888103 200 41 25.700 ms
GET /api/mobileusers/login?mobileNumber=7730855454&otp=496632 200 41 30.194 ms
GET /api/mobileusers/login?mobileNumber=7730855454&otp=496632 200 41 26.687 ms
GET /api/mobileusers/login?mobileNumber=7730855454&otp=496632 200 321 34.861 ms
POST /api/mobileusers/generateOtp 200 57 13.432 ms
POST /api/mobileusers/login 200 41 4.701 ms
POST /api/mobileusers/login 200 41 4.278 ms
POST /api/mobileusers/generateOtp 200 57 15.450 ms
POST /api/mobileusers/generateOtp 200 57 15.250 ms
POST /api/mobileusers/ge 404 158 7.958 ms
POST /api/mobileusers/generateOtp 200 57 12.418 ms
POST /api/mobileusers/generateOtp 200 42 14.335 ms
POST /api/mobileusers/generateOtp 200 79 15.448 ms
POST /api/mobileusers/login 200 72 4.226 ms
POST /api/mobileusers/login 200 72 17.874 ms
POST /api/mobileusers/login 200 72 16.843 ms
POST /api/mobileusers/generateOtp 200 79 8.518 ms
POST /api/mobileusers/login 200 72 4.203 ms
POST /api/mobileusers/generateOtp 200 79 2.979 ms
POST /api/mobileusers/generateOtp 200 79 3.348 ms
POST /api/mobileusers/login 200 41 2.690 ms
POST /api/mobileusers/login 200 41 4.003 ms
POST /api/mobileusers/generateOtp 200 79 4.409 ms
POST /api/mobileusers/login 200 41 3.318 ms
POST /api/mobileusers/login 200 41 3.573 ms
POST /api/mobileusers/login 200 41 2.640 ms
POST /api/mobileusers/login 200 41 2.514 ms
POST /api/mobileusers/login 200 41 2.655 ms
POST /api/mobileusers/login 200 72 2.518 ms
POST /api/mobileusers/generateOtp 200 79 2.696 ms
POST /api/mobileusers/login 200 72 2.027 ms
POST /api/mobileusers/generateOtp 200 79 2.895 ms
POST /api/mobileusers/login 200 41 2.329 ms
POST /api/mobileusers/generateOtp 200 79 2.625 ms
POST /api/mobileusers/login 200 41 1.973 ms
POST /api/mobileusers/login 200 41 2.610 ms
POST /api/mobileusers/login 200 41 3.094 ms
POST /api/mobileusers/login 200 41 2.532 ms
POST /api/mobileusers/generateOtp 200 79 2.683 ms
POST /api/mobileusers/login 200 72 2.912 ms
POST /api/mobileusers/add 200 267 11.535 ms
POST /api/mobileusers/generateOtp 200 79 3.279 ms
POST /api/mobileusers/generateOtp 200 79 4.391 ms
POST /api/mobileusers/login 200 286 2.425 ms
POST /api/mobileusers/login 200 286 2.861 ms
POST /api/mobileusers/generateOtp 200 79 6.288 ms
POST /api/mobileusers/login 200 41 2.623 ms
POST /api/mobileusers/login 200 41 3.390 ms
POST /api/mobileusers/generateOtp 200 79 3.686 ms
POST /api/mobileusers/login 200 72 2.970 ms
POST /api/mobileusers/add 200 268 5.278 ms
POST /api/mobileusers/generateOtp 200 79 3.599 ms
POST /api/mobileusers/login 200 286 2.614 ms
POST /api/mobileusers/generateOtp 200 79 3.640 ms
POST /api/mobileusers/login 200 286 2.294 ms
POST /api/mobileusers/generateOtp 200 79 3.774 ms
POST /api/mobileusers/login 200 286 2.268 ms
POST /api/mobileusers/generateOtp 200 79 2.572 ms
POST /api/mobileusers/login 200 286 2.346 ms
POST /api/mobileusers/generateOtp 200 79 2.696 ms
POST /api/mobileusers/login 200 41 1.880 ms
POST /api/mobileusers/generateOtp 200 79 2.511 ms
POST /api/mobileusers/login 200 286 2.109 ms
POST /api/mobileusers/generateOtp 200 79 3.615 ms
POST /api/mobileusers/login 200 287 2.890 ms
POST /api/mobileusers/generateOtp 500 51 10025.653 ms
POST /api/mobileusers/generateOtp 200 79 15.878 ms
POST /api/mobileusers/login 200 286 17.717 ms
POST /api/mobileusers/generateOtp 200 79 21.963 ms
POST /api/mobileusers/login 200 72 3.712 ms
POST /api/mobileusers/add 200 324 20.939 ms
POST /api/mobileusers/generateOtp 200 79 10.527 ms
POST /api/mobileusers/login 200 343 9.608 ms
POST /api/mobileusers/generateOtp 200 79 5.335 ms
POST /api/mobileusers/login 200 72 8.427 ms
POST /api/mobileusers/add 200 268 7.123 ms
POST /api/mobileusers/generateOtp 200 79 10.029 ms
POST /api/mobileusers/login 200 72 4.519 ms
POST /api/mobileusers/add 200 270 8.701 ms
POST /api/mobileusers/generateOtp 200 79 7.925 ms
POST /api/mobileusers/login 200 72 7.318 ms
POST /api/mobileusers/add 200 270 11.303 ms
POST /api/mobileusers/generateOtp 200 79 8.502 ms
POST /api/mobileusers/login 200 287 6.966 ms
POST /api/mobileusers/generateOtp 200 79 59.500 ms
POST /api/mobileusers/generateOtp 200 79 24.288 ms
POST /api/mobileusers/generateOtp 200 79 18.534 ms
POST /api/mobileusers/login 200 287 6.648 ms
POST /api/mobileusers/generateOtp 200 79 9.857 ms
POST /api/mobileusers/generateOtp 200 79 8.028 ms
POST /api/mobileusers/generateOtp 200 79 22.281 ms
POST /api/mobileusers/generateOtp 200 79 13.124 ms
POST /api/mobileusers/generateOtp 200 79 25.598 ms
POST /api/mobileusers/generateOtp 200 79 22.122 ms
POST /api/mobileusers/login 200 72 8.615 ms
POST /api/mobileusers/add 200 269 14.076 ms
POST /api/mobileusers/generateOtp 200 79 22.150 ms
POST /api/mobileusers/login 200 288 5.116 ms
POST /api/mobileusers/generateOtp 200 79 32.840 ms
POST /api/mobileusers/login 200 287 6.627 ms
GET /api/mobileusers/transactions/userid?id=65df2da3483f44f9619e00e7 404 174 2.648 ms
GET /api/mobileusers/transactions/userid?id=65df2da3483f44f9619e00e7 404 174 2.642 ms
GET /api/mobileusers/transactions?userid=65df2da3483f44f9619e00e7 404 167 1.311 ms
GET /api/mobileusers/transactions/userid/65df2da3483f44f9619e00e7 404 199 1.483 ms
GET /api/mobileusers/transactions/userid/65df2da3483f44f9619e00e7 404 199 0.813 ms
GET /api/mobileusers/transactions/userid/65df2da3483f44f9619e00e7 404 199 0.256 ms
GET /api/mobileusers/transactions/userid?65df2da3483f44f9619e00e7 404 174 0.293 ms
GET /api/mobileusers/transactions/userid/65df2da3483f44f9619e00e7 404 199 1.112 ms
GET /api/mobileusers/transactions/userid/65df2da3483f44f9619e00e7 404 199 1.511 ms
GET /api/mobileusers/transactions/userid?65df2da3483f44f9619e00e7 404 174 4.073 ms
GET /api/mobileusers/transactions/userid/65df2da3483f44f9619e00e7 404 199 2.105 ms
GET /api/mobileusers/transactions?userid=65df2da3483f44f9619e00e7 404 167 0.289 ms
GET /api/mobileusers/transactions/userid/65df2da3483f44f9619e00e7 404 199 0.341 ms
GET /api/mobileusers/transactions?userid=65df2da3483f44f9619e00e7 404 167 0.454 ms
GET /api/mobileusers/transactions?userid=65df2da3483f44f9619e00e7 404 167 4.353 ms
GET /api/mobileusers/transactions 404 167 2.215 ms
GET /api/mobileusers/transactions/ 404 168 0.442 ms
GET /api/mobileusers/transactions/userid/65df2da3483f44f9619e00e7 404 199 1.842 ms
GET /api/mobileusers/transactions/userid/65df2da3483f44f9619e00e7 404 199 3.874 ms
GET /api/mobileusers/transactions/userid/65df2da3483f44f9619e00e7 404 199 1.560 ms
GET /api/webusers/ 304 - 15.370 ms
GET /api/webusers/ 304 - 6.418 ms
POST /api/webusers/login 200 334 55.208 ms
GET /api/webusers/ 304 - 3.688 ms
GET /api/webusers/ 304 - 3.030 ms
GET /api/transactions/ 304 - 36.387 ms
GET /api/transactions/ 304 - 4.481 ms
GET /api/mobileusers/transactions/userid/65df2da3483f44f9619e00e7 404 199 4.005 ms
GET /api/mobileusers/transactions/userid/65df2da3483f44f9619e00e7 404 199 2.360 ms
GET /api/mobileusers/transactions/ 404 168 0.814 ms
GET /api/transactions/ 200 1209 9.327 ms
GET /api/transactions/65df2da3483f44f9619e00e7 404 180 1.028 ms
GET /api/mobileusers/transactions/userid/65df2da3483f44f9619e00e7 404 199 1.027 ms
GET /api/transactions/userid/65df2da3483f44f9619e00e7 200 77 2.238 ms
GET /api/transactions/userid/65df2da3483f44f9619e00e7 200 77 4.887 ms
POST /api/mobileusers/generateOtp 200 79 17.526 ms
POST /api/mobileusers/login 200 287 3.438 ms
GET /api/transactions/userid/65df2da3483f44f9619e00e7 200 77 1.537 ms
POST /api/transactions/add 200 51 5.623 ms
POST /api/transactions/add 200 51 4.407 ms
GET /api/transactions/ 200 2303 4.837 ms
GET /api/transactions/userid/65df2da3483f44f9619e00e7 200 414 7.068 ms
GET /api/transactions/userid/65df2da3483f44f9619e00e7 200 414 6.343 ms
GET /api/transactions/userid/65df2da3483f44f9619e00e7 200 414 9.375 ms
GET /api/transactions/userid/65df2da3483f44f9619e00e7 200 414 20.187 ms
GET /api/transactions/userid/65df2da3483f44f9619e00e7 200 414 12.016 ms
GET /api/transactions/userid/65df2da3483f44f9619e00e7 200 414 11.306 ms
GET /api/images/ 304 - 8.332 ms
GET /api/images/ 304 - 2.014 ms
GET /GopuramImages/image-1709113868543.png 404 176 2.628 ms
GET /GopuramImages/image-1709114473913.png 404 176 2.396 ms
GET /GopuramImages/image-1709114473913.png 404 176 1.972 ms
POST /api/images/add 200 54 28.410 ms
GET /api/images/ 200 277 11.658 ms
GET /api/images/ 304 - 5.247 ms
GET /GopuramImages/image-1709113868543.png 404 176 10.000 ms
GET /GopuramImages/image-1709114473913.png 404 176 10.466 ms
GET /GopuramImages/image-1709272694170.png 404 176 11.101 ms
POST /api/images/add 200 54 22.866 ms
GET /api/images/ 200 68 2.750 ms
GET /api/images/ 304 - 6.175 ms
POST /api/images/add 200 54 25.882 ms
GET /api/images/ 200 626648 7.338 ms
GET /api/images/ 304 - 8.138 ms
GET /api/images/ 304 - 9.490 ms
GET /api/images/ 304 - 4.915 ms
GET /api/images/ 304 - 4.472 ms
GET /api/images/ 304 - 10.086 ms
POST /api/images/add 200 54 13.180 ms
GET /api/images/ 200 888801 10.337 ms
GET /api/images/ 304 - 12.227 ms
GET /api/images/ 304 - 13.826 ms
POST /api/images/add 200 54 15.701 ms
GET /api/images/ 200 1331742 9.959 ms
GET /api/images/ 304 - 15.043 ms
GET /api/images/ 304 - 13.601 ms
POST /api/mobileusers/generateOtp 200 79 20.666 ms
POST /api/mobileusers/generateOtp 200 79 12.097 ms
POST /api/mobileusers/generateOtp 200 79 9.349 ms
POST /api/mobileusers/login 200 287 11.636 ms
GET /api/transactions/userid/65df2da3483f44f9619e00e7 200 414 11.660 ms
GET /api/images/ 304 - 16.556 ms
DELETE /api/images/delete/2 404 161 3.016 ms
GET /api/images/ 304 - 19.603 ms
GET /api/images/ 304 - 8.660 ms
DELETE /api/images/delete/2 404 161 1.262 ms
GET /api/images/ 304 - 11.715 ms
GET /api/images/ 304 - 7.494 ms
GET /api/images/ 304 - 10.431 ms
GET /api/images/ 304 - 17.424 ms
GET /api/images/ 304 - 10.580 ms
GET /api/images/ 304 - 15.786 ms
GET /api/images/ 304 - 16.410 ms
GET /api/images/ 304 - 33.717 ms
GET /api/images/ 304 - 16.885 ms
GET /api/images/ 304 - 26.316 ms
GET /api/images/ 304 - 13.332 ms
GET /api/images/ 304 - 26.796 ms
GET /api/images/ 304 - 17.099 ms
GET /api/images/ 500 51 21.908 ms
GET /api/images/ 500 51 9.390 ms
GET /api/images/ 500 51 21.463 ms
GET /api/images/ 500 51 9.748 ms
GET /api/images/ 200 1331742 26.218 ms
GET /api/images/ 304 - 12.909 ms
GET /api/images/ 200 1331838 19.827 ms
GET /api/images/ 304 - 14.368 ms
GET /api/images/ 304 - 12.801 ms
GET /api/images/ 304 - 10.240 ms
GET /api/images/ 304 - 16.383 ms
GET /api/images/ 304 - 6.670 ms
GET /api/images/ 304 - 16.610 ms
GET /api/images/ 304 - 13.019 ms
DELETE /api/images/delete/2 404 161 3.209 ms
GET /api/images/ 304 - 10.530 ms
GET /api/images/ 304 - 10.566 ms
GET /api/images/ 304 - 21.763 ms
DELETE /api/images/delete/65e173523582ce23419d1278 404 184 1.159 ms
GET /api/images/ 304 - 12.588 ms
GET /api/images/ 304 - 13.150 ms
DELETE /api/images/delete/65e173523582ce23419d1278 200 55 8.127 ms
GET /api/images/ 200 888865 14.360 ms
GET /api/images/ 304 - 13.203 ms
DELETE /api/images/delete/65e172e93582ce23419d1273 200 55 5.751 ms
GET /api/images/ 200 626680 10.066 ms
GET /api/images/ 304 - 10.493 ms
GET /api/images/ 304 - 4.189 ms
POST /api/images/add 200 54 22.185 ms
GET /api/images/ 200 681181 4.749 ms
GET /api/images/ 304 - 9.893 ms
DELETE /api/images/delete/65e17abc6be5b4271ce97e7f 200 55 4.436 ms
GET /api/images/ 200 626680 7.905 ms
POST /api/images/add 200 54 15.681 ms
GET /api/images/ 200 1253293 11.240 ms
GET /api/images/ 304 - 15.808 ms
DELETE /api/images/delete/65e17ad56be5b4271ce97e85 200 55 5.259 ms
GET /api/images/ 200 626680 7.280 ms
GET /api/images/ 304 - 10.561 ms
POST /api/images/add 200 54 14.349 ms
GET /api/images/ 200 1069653 12.126 ms
GET /api/images/ 304 - 15.211 ms
POST /api/images/add 200 54 15.047 ms
GET /api/images/ 200 1696266 14.338 ms
GET /api/images/ 304 - 15.368 ms
DELETE /api/images/delete/65e17b736be5b4271ce97e90 200 55 5.024 ms
GET /api/images/ 200 1069653 5.068 ms
GET /api/images/ 304 - 6.040 ms
GET /api/transactions/ 200 2303 20.984 ms
GET /api/transactions/ 304 - 6.183 ms
GET /api/donationtypes/ 304 - 3.251 ms
GET /api/donationtypes/ 304 - 3.767 ms
GET /api/events/ 304 - 12.229 ms
GET /api/events/ 304 - 14.093 ms
GET /api/eventtypes/ 304 - 5.555 ms
GET /api/eventtypes/ 304 - 3.368 ms
GET /api/mobileusers/ 200 2601 7.201 ms
GET /api/mobileusers/ 304 - 6.702 ms
GET /api/webusers/ 304 - 5.578 ms
GET /api/webusers/ 304 - 4.730 ms
GET /api/mobileusers/ 304 - 6.901 ms
GET /api/mobileusers/ 304 - 6.009 ms
